16:10:02  [main] 	Initializing Control Panel
16:10:02  [main] 	Windows Version:  Home  64-bit
16:10:02  [main] 	XAMPP Version: 7.2.2
16:10:02  [main] 	Control Panel Version: 3.2.2  [ Compiled: Nov 12th 2015 ]
16:10:02  [main] 	You are not running with administrator rights! This will work for
16:10:02  [main] 	most application stuff but whenever you do something with services
16:10:02  [main] 	there will be a security dialogue or things will break! So think 
16:10:02  [main] 	about running this application with administrator rights!
16:10:02  [main] 	XAMPP Installation Directory: "g:\sql\xampp\"
16:10:03  [main] 	Checking for prerequisites
16:10:13  [main] 	All prerequisites found
16:10:13  [main] 	Initializing Modules
16:10:13  [main] 	The FileZilla module is disabled
16:10:13  [main] 	The Mercury module is disabled
16:10:13  [main] 	Starting Check-Timer
16:10:13  [main] 	Control Panel Ready
16:13:24  [main] 	Executing "g:\sql\xampp\"
16:13:38  [mysql] 	Attempting to start MySQL app...
16:13:40  [mysql] 	Status change detected: running
16:13:40  [mysql] 	Status change detected: stopped
16:13:40  [mysql] 	Error: MySQL shutdown unexpectedly.
16:13:40  [mysql] 	This may be due to a blocked port, missing dependencies, 
16:13:40  [mysql] 	improper privileges, a crash, or a shutdown by another method.
16:13:40  [mysql] 	Press the Logs button to view error logs and check
16:13:40  [mysql] 	the Windows Event Viewer for more clues
16:13:40  [mysql] 	If you need more help, copy and post this
16:13:40  [mysql] 	entire log window on the forums
16:13:42  [Apache] 	Attempting to start Apache app...
16:13:43  [Apache] 	Status change detected: running
16:13:43  [Apache] 	Status change detected: stopped
16:13:43  [Apache] 	Error: Apache shutdown unexpectedly.
16:13:43  [Apache] 	This may be due to a blocked port, missing dependencies, 
16:13:43  [Apache] 	improper privileges, a crash, or a shutdown by another method.
16:13:43  [Apache] 	Press the Logs button to view error logs and check
16:13:43  [Apache] 	the Windows Event Viewer for more clues
16:13:43  [Apache] 	If you need more help, copy and post this
16:13:43  [Apache] 	entire log window on the forums
16:13:52  [main] 	Deinitializing Modules
16:13:52  [main] 	Deinitializing Control Panel

16:32:16  [main] 	Initializing Control Panel
16:32:16  [main] 	Windows Version:  Home  64-bit
16:32:16  [main] 	XAMPP Version: 7.2.2
16:32:16  [main] 	Control Panel Version: 3.2.2  [ Compiled: Nov 12th 2015 ]
16:32:16  [main] 	Running with Administrator rights - good!
16:32:16  [main] 	XAMPP Installation Directory: "g:\sql\xampp\"
16:32:16  [main] 	Checking for prerequisites
16:32:16  [main] 	All prerequisites found
16:32:16  [main] 	Initializing Modules
16:32:16  [mysql] 	XAMPP MySQL is already running on port 3306
16:32:16  [main] 	The FileZilla module is disabled
16:32:16  [main] 	The Mercury module is disabled
16:32:16  [Tomcat] 	Java is already running on port 8005!
16:32:16  [Tomcat] 	Is Tomcat already running?
16:32:16  [Tomcat] 	Java is already running on port 8080!
16:32:16  [Tomcat] 	Is Tomcat already running?
16:32:16  [Tomcat] 	Java is already running on port 8009!
16:32:16  [Tomcat] 	Is Tomcat already running?
16:32:16  [main] 	Starting Check-Timer
16:32:16  [main] 	Control Panel Ready
16:32:27  [Apache] 	Attempting to start Apache app...
16:32:27  [Apache] 	Status change detected: running
16:32:28  [Apache] 	Status change detected: stopped
16:32:28  [Apache] 	Error: Apache shutdown unexpectedly.
16:32:28  [Apache] 	This may be due to a blocked port, missing dependencies, 
16:32:28  [Apache] 	improper privileges, a crash, or a shutdown by another method.
16:32:28  [Apache] 	Press the Logs button to view error logs and check
16:32:28  [Apache] 	the Windows Event Viewer for more clues
16:32:28  [Apache] 	If you need more help, copy and post this
16:32:28  [Apache] 	entire log window on the forums
16:36:08  [Apache] 	Attempting to start Apache app...
16:36:08  [Apache] 	Status change detected: running
16:36:09  [Apache] 	Status change detected: stopped
16:36:09  [Apache] 	Error: Apache shutdown unexpectedly.
16:36:09  [Apache] 	This may be due to a blocked port, missing dependencies, 
16:36:09  [Apache] 	improper privileges, a crash, or a shutdown by another method.
16:36:09  [Apache] 	Press the Logs button to view error logs and check
16:36:09  [Apache] 	the Windows Event Viewer for more clues
16:36:09  [Apache] 	If you need more help, copy and post this
16:36:09  [Apache] 	entire log window on the forums
16:36:12  [main] 	Deinitializing Modules
16:36:12  [main] 	Deinitializing Control Panel

16:37:08  [main] 	Initializing Control Panel
16:37:08  [main] 	Windows Version:  Home  64-bit
16:37:08  [main] 	XAMPP Version: 7.2.2
16:37:08  [main] 	Control Panel Version: 3.2.2  [ Compiled: Nov 12th 2015 ]
16:37:08  [main] 	Running with Administrator rights - good!
16:37:08  [main] 	XAMPP Installation Directory: "g:\sql\xampp\"
16:37:09  [main] 	Checking for prerequisites
16:37:09  [main] 	All prerequisites found
16:37:09  [main] 	Initializing Modules
16:37:09  [mysql] 	XAMPP MySQL is already running on port 3306
16:37:09  [main] 	The FileZilla module is disabled
16:37:09  [main] 	The Mercury module is disabled
16:37:09  [Tomcat] 	Java is already running on port 8005!
16:37:09  [Tomcat] 	Is Tomcat already running?
16:37:09  [Tomcat] 	Java is already running on port 8080!
16:37:09  [Tomcat] 	Is Tomcat already running?
16:37:09  [Tomcat] 	Java is already running on port 8009!
16:37:09  [Tomcat] 	Is Tomcat already running?
16:37:09  [main] 	Starting Check-Timer
16:37:09  [main] 	Control Panel Ready
16:37:15  [Apache] 	Attempting to start Apache app...
16:37:15  [Apache] 	Status change detected: running
17:22:11  [Apache] 	Attempting to stop Apache (PID: 9624)
17:22:11  [Apache] 	Attempting to stop Apache (PID: 4544)
17:22:12  [Apache] 	Status change detected: stopped
17:22:14  [mysql] 	Attempting to stop MySQL app...
17:22:14  [mysql] 	Status change detected: stopped
17:22:28  [Tomcat] 	Attempting to stop Tomcat
17:22:30  [Tomcat] 	Status change detected: stopped
17:22:41  [main] 	Deinitializing Modules
17:22:41  [main] 	Deinitializing Control Panel

16:29:29  [main] 	Initializing Control Panel
16:29:29  [main] 	Windows Version:  Home  64-bit
16:29:29  [main] 	XAMPP Version: 7.2.2
16:29:29  [main] 	Control Panel Version: 3.2.2  [ Compiled: Nov 12th 2015 ]
16:29:29  [main] 	Running with Administrator rights - good!
16:29:29  [main] 	XAMPP Installation Directory: "g:\sql\xampp\"
16:29:29  [main] 	Checking for prerequisites
16:29:29  [main] 	All prerequisites found
16:29:29  [main] 	Initializing Modules
16:29:29  [mysql] 	XAMPP MySQL is already running on port 3306
16:29:29  [main] 	The FileZilla module is disabled
16:29:29  [main] 	The Mercury module is disabled
16:29:29  [Tomcat] 	Java is already running on port 8005!
16:29:29  [Tomcat] 	Is Tomcat already running?
16:29:29  [Tomcat] 	Java is already running on port 8080!
16:29:29  [Tomcat] 	Is Tomcat already running?
16:29:29  [Tomcat] 	Java is already running on port 8009!
16:29:29  [Tomcat] 	Is Tomcat already running?
16:29:29  [main] 	Starting Check-Timer
16:29:29  [main] 	Control Panel Ready
16:30:12  [Apache] 	Attempting to start Apache app...
16:30:12  [Apache] 	Status change detected: running
16:30:12  [Apache] 	Status change detected: stopped
16:30:12  [Apache] 	Error: Apache shutdown unexpectedly.
16:30:12  [Apache] 	This may be due to a blocked port, missing dependencies, 
16:30:12  [Apache] 	improper privileges, a crash, or a shutdown by another method.
16:30:12  [Apache] 	Press the Logs button to view error logs and check
16:30:12  [Apache] 	the Windows Event Viewer for more clues
16:30:12  [Apache] 	If you need more help, copy and post this
16:30:12  [Apache] 	entire log window on the forums
16:30:40  [main] 	Executing "g:\sql\xampp\apache\logs"
16:32:27  [Apache] 	Status change detected: running
16:32:28  [Apache] 	Status change detected: stopped
16:32:28  [Apache] 	Error: Apache shutdown unexpectedly.
16:32:28  [Apache] 	This may be due to a blocked port, missing dependencies, 
16:32:28  [Apache] 	improper privileges, a crash, or a shutdown by another method.
16:32:28  [Apache] 	Press the Logs button to view error logs and check
16:32:28  [Apache] 	the Windows Event Viewer for more clues
16:32:28  [Apache] 	If you need more help, copy and post this
16:32:28  [Apache] 	entire log window on the forums
16:36:09  [Apache] 	Status change detected: running
16:36:09  [Apache] 	Status change detected: stopped
16:36:09  [Apache] 	Error: Apache shutdown unexpectedly.
16:36:09  [Apache] 	This may be due to a blocked port, missing dependencies, 
16:36:09  [Apache] 	improper privileges, a crash, or a shutdown by another method.
16:36:09  [Apache] 	Press the Logs button to view error logs and check
16:36:09  [Apache] 	the Windows Event Viewer for more clues
16:36:09  [Apache] 	If you need more help, copy and post this
16:36:09  [Apache] 	entire log window on the forums
16:36:43  [Apache] 	Status change detected: running
16:36:58  [Apache] 	Status change detected: stopped
16:36:58  [Apache] 	Error: Apache shutdown unexpectedly.
16:36:58  [Apache] 	This may be due to a blocked port, missing dependencies, 
16:36:58  [Apache] 	improper privileges, a crash, or a shutdown by another method.
16:36:58  [Apache] 	Press the Logs button to view error logs and check
16:36:58  [Apache] 	the Windows Event Viewer for more clues
16:36:58  [Apache] 	If you need more help, copy and post this
16:36:58  [Apache] 	entire log window on the forums
16:37:15  [Apache] 	Status change detected: running
17:22:12  [Apache] 	Status change detected: stopped
17:22:12  [Apache] 	Error: Apache shutdown unexpectedly.
17:22:12  [Apache] 	This may be due to a blocked port, missing dependencies, 
17:22:12  [Apache] 	improper privileges, a crash, or a shutdown by another method.
17:22:12  [Apache] 	Press the Logs button to view error logs and check
17:22:12  [Apache] 	the Windows Event Viewer for more clues
17:22:12  [Apache] 	If you need more help, copy and post this
17:22:12  [Apache] 	entire log window on the forums
17:22:14  [mysql] 	Status change detected: stopped
17:22:14  [mysql] 	Error: MySQL shutdown unexpectedly.
17:22:14  [mysql] 	This may be due to a blocked port, missing dependencies, 
17:22:14  [mysql] 	improper privileges, a crash, or a shutdown by another method.
17:22:14  [mysql] 	Press the Logs button to view error logs and check
17:22:14  [mysql] 	the Windows Event Viewer for more clues
17:22:14  [mysql] 	If you need more help, copy and post this
17:22:14  [mysql] 	entire log window on the forums
17:22:30  [Tomcat] 	Status change detected: stopped
17:22:54  [main] 	Deinitializing Modules
17:22:54  [main] 	Deinitializing Control Panel

16:14:08  [main] 	Initializing Control Panel
16:14:08  [main] 	Windows Version:  Home  64-bit
16:14:08  [main] 	XAMPP Version: 7.2.2
16:14:08  [main] 	Control Panel Version: 3.2.2  [ Compiled: Nov 12th 2015 ]
16:14:08  [main] 	Running with Administrator rights - good!
16:14:08  [main] 	XAMPP Installation Directory: "g:\sql\xampp\"
16:14:08  [main] 	Checking for prerequisites
16:14:08  [main] 	All prerequisites found
16:14:08  [main] 	Initializing Modules
16:14:08  [main] 	The FileZilla module is disabled
16:14:08  [main] 	The Mercury module is disabled
16:14:08  [main] 	Starting Check-Timer
16:14:08  [main] 	Control Panel Ready
16:14:10  [Apache] 	Attempting to start Apache app...
16:14:10  [Apache] 	Status change detected: running
16:14:11  [Apache] 	Status change detected: stopped
16:14:11  [Apache] 	Error: Apache shutdown unexpectedly.
16:14:11  [Apache] 	This may be due to a blocked port, missing dependencies, 
16:14:11  [Apache] 	improper privileges, a crash, or a shutdown by another method.
16:14:11  [Apache] 	Press the Logs button to view error logs and check
16:14:11  [Apache] 	the Windows Event Viewer for more clues
16:14:11  [Apache] 	If you need more help, copy and post this
16:14:11  [Apache] 	entire log window on the forums
16:14:13  [Tomcat] 	Attempting to start Tomcat app...
16:14:22  [Tomcat] 	Status change detected: running
16:14:27  [Apache] 	Attempting to start Apache app...
16:14:27  [Apache] 	Status change detected: running
16:14:28  [Apache] 	Status change detected: stopped
16:14:28  [Apache] 	Error: Apache shutdown unexpectedly.
16:14:28  [Apache] 	This may be due to a blocked port, missing dependencies, 
16:14:28  [Apache] 	improper privileges, a crash, or a shutdown by another method.
16:14:28  [Apache] 	Press the Logs button to view error logs and check
16:14:28  [Apache] 	the Windows Event Viewer for more clues
16:14:28  [Apache] 	If you need more help, copy and post this
16:14:28  [Apache] 	entire log window on the forums
16:14:30  [mysql] 	Attempting to start MySQL app...
16:14:31  [mysql] 	Status change detected: running
16:14:33  [mysql] 	Status change detected: stopped
16:14:33  [mysql] 	Error: MySQL shutdown unexpectedly.
16:14:33  [mysql] 	This may be due to a blocked port, missing dependencies, 
16:14:33  [mysql] 	improper privileges, a crash, or a shutdown by another method.
16:14:33  [mysql] 	Press the Logs button to view error logs and check
16:14:33  [mysql] 	the Windows Event Viewer for more clues
16:14:33  [mysql] 	If you need more help, copy and post this
16:14:33  [mysql] 	entire log window on the forums
16:15:06  [main] 	Executing "services.msc"
16:15:20  [Apache] 	Attempting to start Apache app...
16:15:20  [Apache] 	Status change detected: running
16:15:21  [Apache] 	Status change detected: stopped
16:15:21  [Apache] 	Error: Apache shutdown unexpectedly.
16:15:21  [Apache] 	This may be due to a blocked port, missing dependencies, 
16:15:21  [Apache] 	improper privileges, a crash, or a shutdown by another method.
16:15:21  [Apache] 	Press the Logs button to view error logs and check
16:15:21  [Apache] 	the Windows Event Viewer for more clues
16:15:21  [Apache] 	If you need more help, copy and post this
16:15:21  [Apache] 	entire log window on the forums
16:15:30  [mysql] 	Attempting to start MySQL app...
16:15:31  [mysql] 	Status change detected: running
16:15:32  [mysql] 	Status change detected: stopped
16:15:32  [mysql] 	Error: MySQL shutdown unexpectedly.
16:15:32  [mysql] 	This may be due to a blocked port, missing dependencies, 
16:15:32  [mysql] 	improper privileges, a crash, or a shutdown by another method.
16:15:32  [mysql] 	Press the Logs button to view error logs and check
16:15:32  [mysql] 	the Windows Event Viewer for more clues
16:15:32  [mysql] 	If you need more help, copy and post this
16:15:32  [mysql] 	entire log window on the forums
16:16:43  [mysql] 	Attempting to start MySQL app...
16:16:44  [mysql] 	Status change detected: running
16:16:45  [mysql] 	Status change detected: stopped
16:16:45  [mysql] 	Error: MySQL shutdown unexpectedly.
16:16:45  [mysql] 	This may be due to a blocked port, missing dependencies, 
16:16:45  [mysql] 	improper privileges, a crash, or a shutdown by another method.
16:16:45  [mysql] 	Press the Logs button to view error logs and check
16:16:45  [mysql] 	the Windows Event Viewer for more clues
16:16:45  [mysql] 	If you need more help, copy and post this
16:16:45  [mysql] 	entire log window on the forums
16:16:47  [main] 	Executing "g:\sql\xampp\mysql"
16:16:54  [mysql] 	Status change detected: running
16:17:02  [mysql] 	Status change detected: stopped
16:17:02  [mysql] 	Error: MySQL shutdown unexpectedly.
16:17:02  [mysql] 	This may be due to a blocked port, missing dependencies, 
16:17:02  [mysql] 	improper privileges, a crash, or a shutdown by another method.
16:17:02  [mysql] 	Press the Logs button to view error logs and check
16:17:02  [mysql] 	the Windows Event Viewer for more clues
16:17:02  [mysql] 	If you need more help, copy and post this
16:17:02  [mysql] 	entire log window on the forums
16:20:32  [Tomcat] 	Tomcat Started/Stopped with errors, return code: -1073741510
16:20:32  [Tomcat] 	Make sure you have Java JDK or JRE installed and the required ports are free
16:20:32  [Tomcat] 	Check the "/xampp/tomcat/logs" folder for more information
16:20:32  [Tomcat] 	Status change detected: stopped
16:20:32  [Tomcat] 	Error: Tomcat shutdown unexpectedly.
16:20:32  [Tomcat] 	This may be due to a blocked port, missing dependencies, 
16:20:32  [Tomcat] 	improper privileges, a crash, or a shutdown by another method.
16:20:32  [Tomcat] 	Press the Logs button to view error logs and check
16:20:32  [Tomcat] 	the Windows Event Viewer for more clues
16:20:32  [Tomcat] 	If you need more help, copy and post this
16:20:32  [Tomcat] 	entire log window on the forums
16:20:34  [main] 	Executing "services.msc"
16:21:01  [Apache] 	Attempting to start Apache app...
16:21:03  [Apache] 	Status change detected: running
16:21:04  [Apache] 	Status change detected: stopped
16:21:04  [Apache] 	Error: Apache shutdown unexpectedly.
16:21:04  [Apache] 	This may be due to a blocked port, missing dependencies, 
16:21:04  [Apache] 	improper privileges, a crash, or a shutdown by another method.
16:21:04  [Apache] 	Press the Logs button to view error logs and check
16:21:04  [Apache] 	the Windows Event Viewer for more clues
16:21:04  [Apache] 	If you need more help, copy and post this
16:21:04  [Apache] 	entire log window on the forums
16:22:21  [main] 	Executing "g:\sql\xampp\mysql"
16:22:35  [mysql] 	Attempting to start MySQL app...
16:22:36  [mysql] 	Status change detected: running
16:22:36  [mysql] 	Status change detected: stopped
16:22:36  [mysql] 	Error: MySQL shutdown unexpectedly.
16:22:36  [mysql] 	This may be due to a blocked port, missing dependencies, 
16:22:36  [mysql] 	improper privileges, a crash, or a shutdown by another method.
16:22:36  [mysql] 	Press the Logs button to view error logs and check
16:22:36  [mysql] 	the Windows Event Viewer for more clues
16:22:36  [mysql] 	If you need more help, copy and post this
16:22:36  [mysql] 	entire log window on the forums
16:23:21  [mysql] 	Status change detected: running
16:24:25  [Apache] 	Attempting to start Apache app...
16:24:25  [Apache] 	Status change detected: running
16:24:25  [Apache] 	Status change detected: stopped
16:24:25  [Apache] 	Error: Apache shutdown unexpectedly.
16:24:25  [Apache] 	This may be due to a blocked port, missing dependencies, 
16:24:25  [Apache] 	improper privileges, a crash, or a shutdown by another method.
16:24:25  [Apache] 	Press the Logs button to view error logs and check
16:24:25  [Apache] 	the Windows Event Viewer for more clues
16:24:25  [Apache] 	If you need more help, copy and post this
16:24:25  [Apache] 	entire log window on the forums
16:24:39  [Apache] 	Status change detected: running
16:24:40  [Apache] 	Status change detected: stopped
16:24:40  [Apache] 	Error: Apache shutdown unexpectedly.
16:24:40  [Apache] 	This may be due to a blocked port, missing dependencies, 
16:24:40  [Apache] 	improper privileges, a crash, or a shutdown by another method.
16:24:40  [Apache] 	Press the Logs button to view error logs and check
16:24:40  [Apache] 	the Windows Event Viewer for more clues
16:24:40  [Apache] 	If you need more help, copy and post this
16:24:40  [Apache] 	entire log window on the forums
16:26:43  [Apache] 	Status change detected: running
16:26:43  [Apache] 	Status change detected: stopped
16:26:43  [Apache] 	Error: Apache shutdown unexpectedly.
16:26:43  [Apache] 	This may be due to a blocked port, missing dependencies, 
16:26:43  [Apache] 	improper privileges, a crash, or a shutdown by another method.
16:26:43  [Apache] 	Press the Logs button to view error logs and check
16:26:43  [Apache] 	the Windows Event Viewer for more clues
16:26:43  [Apache] 	If you need more help, copy and post this
16:26:43  [Apache] 	entire log window on the forums
16:26:44  [Apache] 	Status change detected: running
16:26:45  [Apache] 	Status change detected: stopped
16:26:45  [Apache] 	Error: Apache shutdown unexpectedly.
16:26:45  [Apache] 	This may be due to a blocked port, missing dependencies, 
16:26:45  [Apache] 	improper privileges, a crash, or a shutdown by another method.
16:26:45  [Apache] 	Press the Logs button to view error logs and check
16:26:45  [Apache] 	the Windows Event Viewer for more clues
16:26:45  [Apache] 	If you need more help, copy and post this
16:26:45  [Apache] 	entire log window on the forums
16:26:46  [Apache] 	Status change detected: running
16:26:46  [Apache] 	Status change detected: stopped
16:26:46  [Apache] 	Error: Apache shutdown unexpectedly.
16:26:46  [Apache] 	This may be due to a blocked port, missing dependencies, 
16:26:46  [Apache] 	improper privileges, a crash, or a shutdown by another method.
16:26:46  [Apache] 	Press the Logs button to view error logs and check
16:26:46  [Apache] 	the Windows Event Viewer for more clues
16:26:46  [Apache] 	If you need more help, copy and post this
16:26:46  [Apache] 	entire log window on the forums
16:28:16  [Tomcat] 	Attempting to start Tomcat app...
16:28:18  [Tomcat] 	Status change detected: running
16:28:34  [Apache] 	Attempting to start Apache app...
16:28:34  [Apache] 	Status change detected: running
16:28:34  [Apache] 	Status change detected: stopped
16:28:34  [Apache] 	Error: Apache shutdown unexpectedly.
16:28:34  [Apache] 	This may be due to a blocked port, missing dependencies, 
16:28:34  [Apache] 	improper privileges, a crash, or a shutdown by another method.
16:28:34  [Apache] 	Press the Logs button to view error logs and check
16:28:34  [Apache] 	the Windows Event Viewer for more clues
16:28:34  [Apache] 	If you need more help, copy and post this
16:28:34  [Apache] 	entire log window on the forums
16:30:12  [Apache] 	Status change detected: running
16:30:12  [Apache] 	Status change detected: stopped
16:30:12  [Apache] 	Error: Apache shutdown unexpectedly.
16:30:12  [Apache] 	This may be due to a blocked port, missing dependencies, 
16:30:12  [Apache] 	improper privileges, a crash, or a shutdown by another method.
16:30:12  [Apache] 	Press the Logs button to view error logs and check
16:30:12  [Apache] 	the Windows Event Viewer for more clues
16:30:12  [Apache] 	If you need more help, copy and post this
16:30:12  [Apache] 	entire log window on the forums
16:31:57  [Apache] 	Status change detected: running
16:31:58  [Apache] 	Status change detected: stopped
16:31:58  [Apache] 	Error: Apache shutdown unexpectedly.
16:31:58  [Apache] 	This may be due to a blocked port, missing dependencies, 
16:31:58  [Apache] 	improper privileges, a crash, or a shutdown by another method.
16:31:58  [Apache] 	Press the Logs button to view error logs and check
16:31:58  [Apache] 	the Windows Event Viewer for more clues
16:31:58  [Apache] 	If you need more help, copy and post this
16:31:58  [Apache] 	entire log window on the forums
16:32:27  [Apache] 	Status change detected: running
16:32:28  [Apache] 	Status change detected: stopped
16:32:28  [Apache] 	Error: Apache shutdown unexpectedly.
16:32:28  [Apache] 	This may be due to a blocked port, missing dependencies, 
16:32:28  [Apache] 	improper privileges, a crash, or a shutdown by another method.
16:32:28  [Apache] 	Press the Logs button to view error logs and check
16:32:28  [Apache] 	the Windows Event Viewer for more clues
16:32:28  [Apache] 	If you need more help, copy and post this
16:32:28  [Apache] 	entire log window on the forums
16:36:08  [Apache] 	Status change detected: running
16:36:09  [Apache] 	Status change detected: stopped
16:36:09  [Apache] 	Error: Apache shutdown unexpectedly.
16:36:09  [Apache] 	This may be due to a blocked port, missing dependencies, 
16:36:09  [Apache] 	improper privileges, a crash, or a shutdown by another method.
16:36:09  [Apache] 	Press the Logs button to view error logs and check
16:36:09  [Apache] 	the Windows Event Viewer for more clues
16:36:09  [Apache] 	If you need more help, copy and post this
16:36:09  [Apache] 	entire log window on the forums
16:36:43  [Apache] 	Status change detected: running
16:36:58  [Apache] 	Status change detected: stopped
16:36:58  [Apache] 	Error: Apache shutdown unexpectedly.
16:36:58  [Apache] 	This may be due to a blocked port, missing dependencies, 
16:36:58  [Apache] 	improper privileges, a crash, or a shutdown by another method.
16:36:58  [Apache] 	Press the Logs button to view error logs and check
16:36:58  [Apache] 	the Windows Event Viewer for more clues
16:36:58  [Apache] 	If you need more help, copy and post this
16:36:58  [Apache] 	entire log window on the forums
16:37:15  [Apache] 	Status change detected: running
17:22:11  [Apache] 	Status change detected: stopped
17:22:11  [Apache] 	Error: Apache shutdown unexpectedly.
17:22:11  [Apache] 	This may be due to a blocked port, missing dependencies, 
17:22:11  [Apache] 	improper privileges, a crash, or a shutdown by another method.
17:22:11  [Apache] 	Press the Logs button to view error logs and check
17:22:11  [Apache] 	the Windows Event Viewer for more clues
17:22:11  [Apache] 	If you need more help, copy and post this
17:22:11  [Apache] 	entire log window on the forums
17:22:14  [mysql] 	Status change detected: stopped
17:22:14  [mysql] 	Error: MySQL shutdown unexpectedly.
17:22:14  [mysql] 	This may be due to a blocked port, missing dependencies, 
17:22:14  [mysql] 	improper privileges, a crash, or a shutdown by another method.
17:22:14  [mysql] 	Press the Logs button to view error logs and check
17:22:14  [mysql] 	the Windows Event Viewer for more clues
17:22:14  [mysql] 	If you need more help, copy and post this
17:22:14  [mysql] 	entire log window on the forums
17:22:30  [Tomcat] 	Status change detected: stopped
17:22:30  [Tomcat] 	Error: Tomcat shutdown unexpectedly.
17:22:30  [Tomcat] 	This may be due to a blocked port, missing dependencies, 
17:22:30  [Tomcat] 	improper privileges, a crash, or a shutdown by another method.
17:22:30  [Tomcat] 	Press the Logs button to view error logs and check
17:22:30  [Tomcat] 	the Windows Event Viewer for more clues
17:22:30  [Tomcat] 	If you need more help, copy and post this
17:22:30  [Tomcat] 	entire log window on the forums
17:22:56  [main] 	Deinitializing Modules
17:22:56  [main] 	Deinitializing Control Panel

23:40:45  [main] 	Initializing Control Panel
23:40:45  [main] 	Windows Version:  Home  64-bit
23:40:45  [main] 	XAMPP Version: 7.2.2
23:40:45  [main] 	Control Panel Version: 3.2.2  [ Compiled: Nov 12th 2015 ]
23:40:45  [main] 	Running with Administrator rights - good!
23:40:45  [main] 	XAMPP Installation Directory: "g:\sql\xampp\"
23:40:45  [main] 	Checking for prerequisites
23:40:49  [main] 	All prerequisites found
23:40:49  [main] 	Initializing Modules
23:40:49  [main] 	The FileZilla module is disabled
23:40:49  [main] 	The Mercury module is disabled
23:40:49  [main] 	Starting Check-Timer
23:40:49  [main] 	Control Panel Ready
23:54:38  [Apache] 	Attempting to start Apache app...
23:54:39  [Apache] 	Status change detected: running
0:22:07  [Apache] 	Attempting to stop Apache (PID: 4756)
0:22:07  [Apache] 	Attempting to stop Apache (PID: 12992)
0:22:07  [Apache] 	Status change detected: stopped
0:22:15  [main] 	Deinitializing Modules
0:22:15  [main] 	Deinitializing Control Panel

10:43:21  [main] 	Initializing Control Panel
10:43:21  [main] 	Windows Version:  Home  64-bit
10:43:21  [main] 	XAMPP Version: 7.2.2
10:43:21  [main] 	Control Panel Version: 3.2.2  [ Compiled: Nov 12th 2015 ]
10:43:21  [main] 	Running with Administrator rights - good!
10:43:21  [main] 	XAMPP Installation Directory: "g:\sql\xampp\"
10:43:21  [main] 	Checking for prerequisites
10:43:21  [main] 	All prerequisites found
10:43:21  [main] 	Initializing Modules
10:43:21  [main] 	The FileZilla module is disabled
10:43:21  [main] 	The Mercury module is disabled
10:43:22  [main] 	Starting Check-Timer
10:43:22  [main] 	Control Panel Ready
10:43:31  [Apache] 	Attempting to start Apache app...
10:43:32  [Apache] 	Status change detected: running
12:57:22  [Apache] 	Attempting to stop Apache (PID: 2744)
12:57:22  [Apache] 	Attempting to stop Apache (PID: 10128)
12:57:23  [Apache] 	Status change detected: stopped
13:05:42  [Apache] 	Attempting to start Apache app...
13:05:44  [Apache] 	Status change detected: running
13:09:21  [Tomcat] 	Attempting to start Tomcat app...
13:09:30  [Tomcat] 	Status change detected: running
13:09:39  [Tomcat] 	Attempting to stop Tomcat
13:09:40  [Tomcat] 	Status change detected: stopped
13:59:19  [Apache] 	Attempting to stop Apache (PID: 9244)
13:59:19  [Apache] 	Attempting to stop Apache (PID: 3456)
13:59:19  [Apache] 	Status change detected: stopped
14:18:10  [Apache] 	Attempting to start Apache app...
14:18:10  [Apache] 	Status change detected: running
14:35:35  [Apache] 	Attempting to stop Apache (PID: 5472)
14:35:35  [Apache] 	Attempting to stop Apache (PID: 9224)
14:35:35  [Apache] 	Status change detected: stopped
15:10:25  [main] 	Deinitializing Modules
15:10:25  [main] 	Deinitializing Control Panel

16:25:08  [main] 	Initializing Control Panel
16:25:08  [main] 	Windows Version:  Home  64-bit
16:25:08  [main] 	XAMPP Version: 7.2.2
16:25:08  [main] 	Control Panel Version: 3.2.2  [ Compiled: Nov 12th 2015 ]
16:25:08  [main] 	Running with Administrator rights - good!
16:25:08  [main] 	XAMPP Installation Directory: "g:\sql\xampp\"
16:25:08  [main] 	Checking for prerequisites
16:25:12  [main] 	All prerequisites found
16:25:12  [main] 	Initializing Modules
16:25:12  [main] 	The FileZilla module is disabled
16:25:12  [main] 	The Mercury module is disabled
16:25:12  [main] 	Starting Check-Timer
16:25:12  [main] 	Control Panel Ready
16:25:30  [Apache] 	Attempting to start Apache app...
16:25:30  [Apache] 	Status change detected: running
16:42:00  [Apache] 	Attempting to stop Apache (PID: 9944)
16:42:00  [Apache] 	Attempting to stop Apache (PID: 5176)
16:42:00  [Apache] 	Status change detected: stopped
16:42:08  [main] 	Deinitializing Modules
16:42:08  [main] 	Deinitializing Control Panel

16:32:18  [main] 	Initializing Control Panel
16:32:18  [main] 	Windows Version:  Pro  64-bit
16:32:18  [main] 	XAMPP Version: 7.2.2
16:32:18  [main] 	Control Panel Version: 3.2.2  [ Compiled: Nov 12th 2015 ]
16:32:18  [main] 	You are not running with administrator rights! This will work for
16:32:18  [main] 	most application stuff but whenever you do something with services
16:32:18  [main] 	there will be a security dialogue or things will break! So think 
16:32:18  [main] 	about running this application with administrator rights!
16:32:18  [main] 	XAMPP Installation Directory: "e:\sql\xampp\"
16:32:18  [main] 	Checking for prerequisites
16:32:18  [main] 	All prerequisites found
16:32:18  [main] 	Initializing Modules
16:32:18  [main] 	The FileZilla module is disabled
16:32:18  [main] 	The Mercury module is disabled
16:32:18  [main] 	Starting Check-Timer
16:32:18  [main] 	Control Panel Ready
16:32:27  [Apache] 	Attempting to start Apache app...
16:32:27  [Apache] 	Status change detected: running
16:32:37  [mysql] 	Attempting to start MySQL app...
16:32:39  [mysql] 	Status change detected: running
16:42:53  [Apache] 	Attempting to stop Apache (PID: 8384)
16:42:53  [Apache] 	Attempting to stop Apache (PID: 5600)
16:42:53  [Apache] 	Status change detected: stopped
16:42:53  [mysql] 	Attempting to stop MySQL app...
16:42:54  [mysql] 	Status change detected: stopped
16:45:51  [main] 	Deinitializing Modules
16:45:51  [main] 	Deinitializing Control Panel

16:52:14  [main] 	Initializing Control Panel
16:52:14  [main] 	Windows Version:  Pro  64-bit
16:52:14  [main] 	XAMPP Version: 7.2.2
16:52:14  [main] 	Control Panel Version: 3.2.2  [ Compiled: Nov 12th 2015 ]
16:52:14  [main] 	You are not running with administrator rights! This will work for
16:52:14  [main] 	most application stuff but whenever you do something with services
16:52:14  [main] 	there will be a security dialogue or things will break! So think 
16:52:14  [main] 	about running this application with administrator rights!
16:52:14  [main] 	XAMPP Installation Directory: "d:\gitkraken\mainsetup\not_hacking(yet)\xampp\"
16:52:14  [main] 	WARNING: Your install directory contains special characters.  This may break programs/scripts
16:52:14  [main] 	Checking for prerequisites
16:52:14  [main] 	All prerequisites found
16:52:14  [main] 	Initializing Modules
16:52:14  [main] 	The FileZilla module is disabled
16:52:14  [main] 	The Mercury module is disabled
16:52:14  [main] 	Starting Check-Timer
16:52:14  [main] 	Control Panel Ready
16:52:25  [Apache] 	Attempting to start Apache app...
16:52:31  [Apache] 	Attempting to start Apache app...
16:52:32  [Apache] 	Attempting to start Apache app...
16:52:32  [Apache] 	Attempting to start Apache app...
16:52:32  [Apache] 	Attempting to start Apache app...
16:52:33  [main] 	Deinitializing Modules
16:52:33  [main] 	Deinitializing Control Panel

16:52:47  [main] 	Initializing Control Panel
16:52:47  [main] 	Windows Version:  Pro  64-bit
16:52:47  [main] 	XAMPP Version: 7.2.2
16:52:47  [main] 	Control Panel Version: 3.2.2  [ Compiled: Nov 12th 2015 ]
16:52:47  [main] 	Running with Administrator rights - good!
16:52:47  [main] 	XAMPP Installation Directory: "d:\gitkraken\mainsetup\not_hacking(yet)\xampp\"
16:52:47  [main] 	WARNING: Your install directory contains special characters.  This may break programs/scripts
16:52:47  [main] 	Checking for prerequisites
16:52:47  [main] 	All prerequisites found
16:52:47  [main] 	Initializing Modules
16:52:47  [main] 	The FileZilla module is disabled
16:52:47  [main] 	The Mercury module is disabled
16:52:47  [main] 	Starting Check-Timer
16:52:47  [main] 	Control Panel Ready
16:52:48  [Apache] 	Attempting to start Apache app...
16:53:00  [Tomcat] 	Attempting to start Tomcat app...
16:53:01  [Tomcat] 	Tomcat Started/Stopped with errors, return code: 1
16:53:01  [Tomcat] 	Make sure you have Java JDK or JRE installed and the required ports are free
16:53:01  [Tomcat] 	Check the "/xampp/tomcat/logs" folder for more information
16:53:23  [main] 	Deinitializing Modules
16:53:23  [main] 	Deinitializing Control Panel

16:57:31  [main] 	Initializing Control Panel
16:57:31  [main] 	Windows Version:  Pro  64-bit
16:57:31  [main] 	XAMPP Version: 7.2.2
16:57:31  [main] 	Control Panel Version: 3.2.2  [ Compiled: Nov 12th 2015 ]
16:57:31  [main] 	Running with Administrator rights - good!
16:57:31  [main] 	XAMPP Installation Directory: "d:\gitkraken\mainsetup\not_hacking(yet)\xampp\"
16:57:31  [main] 	WARNING: Your install directory contains special characters.  This may break programs/scripts
16:57:31  [main] 	Checking for prerequisites
16:57:31  [main] 	All prerequisites found
16:57:31  [main] 	Initializing Modules
16:57:31  [main] 	The FileZilla module is disabled
16:57:31  [main] 	The Mercury module is disabled
16:57:31  [main] 	Starting Check-Timer
16:57:31  [main] 	Control Panel Ready
16:57:32  [Apache] 	Attempting to start Apache app...
16:57:32  [Apache] 	Status change detected: running
16:57:38  [mysql] 	Attempting to start MySQL app...
16:57:39  [mysql] 	Status change detected: running
16:57:59  [Apache] 	Attempting to stop Apache (PID: 6280)
16:57:59  [Apache] 	Attempting to stop Apache (PID: 7912)
16:57:59  [Apache] 	Status change detected: stopped
16:58:01  [mysql] 	Attempting to stop MySQL app...
16:58:01  [mysql] 	Status change detected: stopped
16:58:03  [main] 	Deinitializing Modules
16:58:03  [main] 	Deinitializing Control Panel

16:53:39  [main] 	Initializing Control Panel
16:53:39  [main] 	Windows Version:  Pro  64-bit
16:53:39  [main] 	XAMPP Version: 7.2.2
16:53:39  [main] 	Control Panel Version: 3.2.2  [ Compiled: Nov 12th 2015 ]
16:53:39  [main] 	Running with Administrator rights - good!
16:53:39  [main] 	XAMPP Installation Directory: "d:\gitkraken\mainsetup\not_hacking(yet)\xampp\"
16:53:39  [main] 	WARNING: Your install directory contains special characters.  This may break programs/scripts
16:53:39  [main] 	Checking for prerequisites
16:53:39  [main] 	All prerequisites found
16:53:39  [main] 	Initializing Modules
16:53:39  [main] 	The FileZilla module is disabled
16:53:39  [main] 	The Mercury module is disabled
16:53:39  [main] 	Starting Check-Timer
16:53:39  [main] 	Control Panel Ready
16:53:41  [Apache] 	Attempting to start Apache app...
16:53:44  [Apache] 	Attempting to start Apache app...
16:54:03  [main] 	Executing "services.msc"
16:54:19  [Apache] 	Attempting to start Apache app...
16:54:19  [Apache] 	Status change detected: running
16:54:20  [Apache] 	Status change detected: stopped
16:54:20  [Apache] 	Error: Apache shutdown unexpectedly.
16:54:20  [Apache] 	This may be due to a blocked port, missing dependencies, 
16:54:20  [Apache] 	improper privileges, a crash, or a shutdown by another method.
16:54:20  [Apache] 	Press the Logs button to view error logs and check
16:54:20  [Apache] 	the Windows Event Viewer for more clues
16:54:20  [Apache] 	If you need more help, copy and post this
16:54:20  [Apache] 	entire log window on the forums
16:55:36  [Apache] 	Attempting to start Apache app...
16:55:36  [Apache] 	Status change detected: running
16:55:37  [Apache] 	Status change detected: stopped
16:55:37  [Apache] 	Error: Apache shutdown unexpectedly.
16:55:37  [Apache] 	This may be due to a blocked port, missing dependencies, 
16:55:37  [Apache] 	improper privileges, a crash, or a shutdown by another method.
16:55:37  [Apache] 	Press the Logs button to view error logs and check
16:55:37  [Apache] 	the Windows Event Viewer for more clues
16:55:37  [Apache] 	If you need more help, copy and post this
16:55:37  [Apache] 	entire log window on the forums
16:55:37  [Apache] 	Attempting to start Apache app...
16:55:38  [Apache] 	Status change detected: running
16:55:38  [Apache] 	Status change detected: stopped
16:55:38  [Apache] 	Error: Apache shutdown unexpectedly.
16:55:38  [Apache] 	This may be due to a blocked port, missing dependencies, 
16:55:38  [Apache] 	improper privileges, a crash, or a shutdown by another method.
16:55:38  [Apache] 	Press the Logs button to view error logs and check
16:55:38  [Apache] 	the Windows Event Viewer for more clues
16:55:38  [Apache] 	If you need more help, copy and post this
16:55:38  [Apache] 	entire log window on the forums
16:55:39  [mysql] 	Attempting to start MySQL app...
16:55:39  [mysql] 	Status change detected: running
16:55:40  [mysql] 	Status change detected: stopped
16:55:40  [mysql] 	Error: MySQL shutdown unexpectedly.
16:55:40  [mysql] 	This may be due to a blocked port, missing dependencies, 
16:55:40  [mysql] 	improper privileges, a crash, or a shutdown by another method.
16:55:40  [mysql] 	Press the Logs button to view error logs and check
16:55:40  [mysql] 	the Windows Event Viewer for more clues
16:55:40  [mysql] 	If you need more help, copy and post this
16:55:40  [mysql] 	entire log window on the forums
16:55:45  [Tomcat] 	Attempting to start Tomcat app...
16:55:45  [Tomcat] 	Tomcat Started/Stopped with errors, return code: 1
16:55:45  [Tomcat] 	Make sure you have Java JDK or JRE installed and the required ports are free
16:55:45  [Tomcat] 	Check the "/xampp/tomcat/logs" folder for more information
16:57:33  [Apache] 	Status change detected: running
16:57:39  [mysql] 	Status change detected: running
16:57:59  [Apache] 	Status change detected: stopped
16:57:59  [Apache] 	Error: Apache shutdown unexpectedly.
16:57:59  [Apache] 	This may be due to a blocked port, missing dependencies, 
16:57:59  [Apache] 	improper privileges, a crash, or a shutdown by another method.
16:57:59  [Apache] 	Press the Logs button to view error logs and check
16:57:59  [Apache] 	the Windows Event Viewer for more clues
16:57:59  [Apache] 	If you need more help, copy and post this
16:57:59  [Apache] 	entire log window on the forums
16:58:01  [mysql] 	Status change detected: stopped
16:58:01  [mysql] 	Error: MySQL shutdown unexpectedly.
16:58:01  [mysql] 	This may be due to a blocked port, missing dependencies, 
16:58:01  [mysql] 	improper privileges, a crash, or a shutdown by another method.
16:58:01  [mysql] 	Press the Logs button to view error logs and check
16:58:01  [mysql] 	the Windows Event Viewer for more clues
16:58:01  [mysql] 	If you need more help, copy and post this
16:58:01  [mysql] 	entire log window on the forums
16:58:09  [main] 	Deinitializing Modules
16:58:09  [main] 	Deinitializing Control Panel

12:11:42  [main] 	Initializing Control Panel
12:11:42  [main] 	Windows Version:  Home  64-bit
12:11:42  [main] 	XAMPP Version: 7.2.2
12:11:42  [main] 	Control Panel Version: 3.2.2  [ Compiled: Nov 12th 2015 ]
12:11:42  [main] 	You are not running with administrator rights! This will work for
12:11:42  [main] 	most application stuff but whenever you do something with services
12:11:42  [main] 	there will be a security dialogue or things will break! So think 
12:11:42  [main] 	about running this application with administrator rights!
12:11:42  [main] 	XAMPP Installation Directory: "d:\gitkraken\mainsetup\not_hacking(yet)\xampp\"
12:11:42  [main] 	WARNING: Your install directory contains special characters.  This may break programs/scripts
12:11:42  [main] 	Checking for prerequisites
12:11:50  [main] 	All prerequisites found
12:11:50  [main] 	Initializing Modules
12:11:50  [main] 	The FileZilla module is disabled
12:11:50  [main] 	The Mercury module is disabled
12:11:50  [main] 	Starting Check-Timer
12:11:50  [main] 	Control Panel Ready
12:11:58  [Apache] 	Attempting to start Apache app...
12:11:59  [Apache] 	Status change detected: running
12:12:04  [mysql] 	Attempting to start MySQL app...
12:12:06  [mysql] 	Status change detected: running
12:12:30  [Apache] 	Attempting to stop Apache (PID: 11084)
12:12:30  [Apache] 	Attempting to stop Apache (PID: 5556)
12:12:30  [Apache] 	Status change detected: stopped
12:12:31  [mysql] 	Attempting to stop MySQL app...
12:12:32  [mysql] 	Status change detected: stopped
12:12:33  [main] 	Deinitializing Modules
12:12:33  [main] 	Deinitializing Control Panel

