[17:58:58] [Server thread/INFO]: Starting minecraft server version 1.12.2
[17:58:58] [Server thread/INFO]: Loading properties
[17:58:58] [Server thread/INFO]: Default game type: SURVIVAL
[17:58:58] [Server thread/INFO]: Generating keypair
[17:58:58] [Server thread/INFO]: Starting Minecraft server on *:25565
[17:58:58] [Server thread/INFO]: Using default channel type
[17:58:59] [Server thread/INFO]: This server is running CraftBukkit version git-Bukkit-809c399 (MC: 1.12.2) (Implementing API version 1.12.2-R0.1-SNAPSHOT)
[17:58:59] [Server thread/WARN]: **** SERVER IS RUNNING IN OFFLINE/INSECURE MODE!
[17:58:59] [Server thread/WARN]: The server will make no attempt to authenticate usernames. Beware.
[17:58:59] [Server thread/WARN]: While this makes the game possible to play without internet access, it also opens up the ability for hackers to connect with any username they choose.
[17:58:59] [Server thread/WARN]: To change this, set "online-mode" to "true" in the server.properties file.
[17:58:59] [Server thread/INFO]: Preparing level "world"
[17:59:00] [Server thread/INFO]: Preparing start region for level 0 (Seed: -7505657997180751453)
[17:59:01] [Server thread/INFO]: Preparing spawn area: 59%
[17:59:01] [Server thread/INFO]: Preparing start region for level 1 (Seed: -7505657997180751453)
[17:59:02] [Server thread/INFO]: Preparing start region for level 2 (Seed: -7505657997180751453)
[17:59:02] [Server thread/INFO]: Server permissions file permissions.yml is empty, ignoring it
[17:59:02] [Server thread/INFO]: Done (3,347s)! For help, type "help" or "?"
[18:29:32] [Server thread/INFO]: ZTRA2[/127.0.0.1:56555] logged in with entity id 610 at ([world]-163.5, 69.0, 225.5)
[18:29:41] [Server thread/INFO]: Unknown command. Type "help" for help.[m
[18:29:46] [Server thread/INFO]: Unknown command. Type "help" for help.[m
[18:29:57] [Server thread/INFO]: ZTRA2 lost connection: Timed out
[18:29:57] [Server thread/INFO]: ZTRA2 left the game
[18:30:08] [Server thread/INFO]: ZTRA2[/127.0.0.1:56557] logged in with entity id 1137 at ([world]-163.5, 69.0, 225.5)
[18:35:39] [Server thread/INFO]: Sm3llyP3p3r[/192.168.0.182:59878] logged in with entity id 2880 at ([world]-164.5, 68.0, 210.5)
[18:36:01] [Server thread/INFO]: Opped ZTRA2
[18:36:13] [Server thread/INFO]: ZTRA2 issued server command: /time set day
[18:36:13] [Server thread/INFO]: [ZTRA2: Set the time to 1000]
[18:37:59] [Server thread/INFO]: ZTRA2 issued server command: /gamemode spectator Sm3llyP3p3r
[18:37:59] [Server thread/INFO]: [ZTRA2: Set Sm3llyP3p3r's game mode to Spectator Mode]
[18:38:25] [Server thread/INFO]: ZTRA2 issued server command: /gamemode spectator
[18:38:25] [Server thread/INFO]: [ZTRA2: Set own game mode to Spectator Mode]
[18:38:32] [Server thread/INFO]: ZTRA2 issued server command: /tp Sm3llyP3p3r
[18:38:32] [Server thread/INFO]: [ZTRA2: Teleported ZTRA2 to Sm3llyP3p3r]
[18:38:58] [Server thread/INFO]: ZTRA2 issued server command: /tp Sm3llyP3p3r
[18:38:58] [Server thread/INFO]: [ZTRA2: Teleported ZTRA2 to Sm3llyP3p3r]
[18:39:40] [Server thread/INFO]: ZTRA2 issued server command: /gamemode 0 Sm3llyP3p3r
[18:39:40] [Server thread/INFO]: [ZTRA2: Set Sm3llyP3p3r's game mode to Survival Mode]
[18:39:49] [Server thread/INFO]: Sm3llyP3p3r lost connection: Disconnected
[18:39:49] [Server thread/INFO]: Sm3llyP3p3r left the game
[18:40:04] [Server thread/INFO]: Sm3llyP3p3r[/192.168.0.182:59887] logged in with entity id 6573 at ([world]-85.69999998807907, 42.0, 239.69999998807907)
[18:40:05] [Server thread/INFO]: ZTRA2 issued server command: /gamemode spectator Sm3llyP3p3r
[18:40:05] [Server thread/INFO]: [ZTRA2: Set Sm3llyP3p3r's game mode to Spectator Mode]
[18:40:08] [Server thread/INFO]: ZTRA2 issued server command: /gamemode spectator Sm3llyP3p3r
[18:40:08] [Server thread/INFO]: [ZTRA2: Set Sm3llyP3p3r's game mode to Spectator Mode]
[18:40:09] [Server thread/INFO]: ZTRA2 issued server command: /gamemode spectator Sm3llyP3p3r
[18:40:09] [Server thread/INFO]: [ZTRA2: Set Sm3llyP3p3r's game mode to Spectator Mode]
[18:40:25] [Server thread/INFO]: ZTRA2 issued server command: /gamemode 0 Sm3llyP3p3r
[18:40:25] [Server thread/INFO]: [ZTRA2: Set Sm3llyP3p3r's game mode to Survival Mode]
[18:40:28] [Server thread/INFO]: Sm3llyP3p3r fell from a high place
[18:40:40] [Server thread/INFO]: ZTRA2 issued server command: /gamemode 0
[18:40:40] [Server thread/INFO]: [ZTRA2: Set own game mode to Survival Mode]
[18:40:42] [Server thread/INFO]: ZTRA2 fell from a high place
[18:42:33] [Server thread/INFO]: ZTRA2 issued server command: /time set night
[18:42:33] [Server thread/INFO]: [ZTRA2: Set the time to 13000]
[18:44:04] [Server thread/INFO]: Sm3llyP3p3r was slain by Zombie Villager
[18:51:11] [Server thread/INFO]: ZTRA2 lost connection: Internal Exception: java.io.IOException: Se ha forzado la interrupción de una conexión existente por el host remoto
[18:51:11] [Server thread/INFO]: ZTRA2 left the game
[18:51:14] [Server thread/INFO]: Unknown command. Type "help" for help.[m
[18:51:17] [Server thread/INFO]: Stopping the server
[18:51:17] [Server thread/INFO]: Stopping server
[18:51:17] [Server thread/INFO]: Saving players
[18:51:17] [Server thread/INFO]: Sm3llyP3p3r lost connection: Server closed
[18:51:17] [Server thread/INFO]: Sm3llyP3p3r left the game
[18:51:17] [Server thread/INFO]: Saving worlds
[18:51:17] [Server thread/INFO]: Saving chunks for level 'world'/overworld
[18:51:18] [Server thread/INFO]: Saving chunks for level 'world_nether'/the_nether
[18:51:18] [Server thread/INFO]: Saving chunks for level 'world_the_end'/the_end
